[debug] [2022-04-08T18:03:09.831Z] ----------------------------------------------------------------------
[debug] [2022-04-08T18:03:09.833Z] Command:       C:\Program Files\nodejs\node.exe C:\Users\josep\AppData\Roaming\npm\node_modules\firebase-tools\lib\bin\firebase.js init
[debug] [2022-04-08T18:03:09.833Z] CLI Version:   10.5.0
[debug] [2022-04-08T18:03:09.833Z] Platform:      win32
[debug] [2022-04-08T18:03:09.834Z] Node Version:  v16.14.0
[debug] [2022-04-08T18:03:09.835Z] Time:          Fri Apr 08 2022 11:03:09 GMT-0700 (Pacific Daylight Saving Time)
[debug] [2022-04-08T18:03:09.835Z] ----------------------------------------------------------------------
[debug] 
[debug] [2022-04-08T18:03:09.959Z] > command requires scopes: ["email","openid","https://www.googleapis.com/auth/cloudplatformprojects.readonly","https://www.googleapis.com/auth/firebase","https://www.googleapis.com/auth/cloud-platform"]
[debug] [2022-04-08T18:03:09.960Z] > authorizing via signed-in user (josephchan36@gmail.com)
[info] 
     ######## #### ########  ######## ########     ###     ######  ########
     ##        ##  ##     ## ##       ##     ##  ##   ##  ##       ##
     ######    ##  ########  ######   ########  #########  ######  ######
     ##        ##  ##    ##  ##       ##     ## ##     ##       ## ##
     ##       #### ##     ## ######## ########  ##     ##  ######  ########

You're about to initialize a Firebase project in this directory:

  C:\Users\josep\.vscode\1800_202210_DTC16

Before we get started, keep in mind:

  * You are initializing within an existing Firebase project directory

[debug] [2022-04-08T18:03:53.907Z] Error: kill ENOSYS
    at process.kill (node:internal/process/per_thread:220:13)
    at process.listener (C:\Users\josep\AppData\Roaming\npm\node_modules\firebase-tools\node_modules\signal-exit\index.js:95:15)
    at process.emit (node:events:520:28)
[error] 
[error] Error: An unexpected error has occurred.
